0 info it worked if it ends with ok
1 verbose cli [ 'C:\\Program Files\\nodejs\\node.exe',
1 verbose cli   'C:\\Users\\user\\AppData\\Roaming\\npm\\node_modules\\npm\\bin\\npm-cli.js',
1 verbose cli   'run',
1 verbose cli   'test',
1 verbose cli   '--no-cache' ]
2 info using npm@6.2.0
3 info using node@v8.11.1
4 verbose run-script [ 'pretest', 'test', 'posttest' ]
5 info lifecycle my-app@0.1.0~pretest: my-app@0.1.0
6 info lifecycle my-app@0.1.0~test: my-app@0.1.0
7 verbose lifecycle my-app@0.1.0~test: unsafe-perm in lifecycle true
8 verbose lifecycle my-app@0.1.0~test: PATH: C:\Users\user\AppData\Roaming\npm\node_modules\npm\node_modules\npm-lifecycle\node-gyp-bin;D:\lessons_react\my-app\node_modules\.bin;C:\Program Files (x86)\Common Files\Oracle\Java\javapath;C:\Program Files (x86)\Intel\iCLS Client\;C:\Program Files\Intel\iCLS Client\;C:\WINDOWS\system32;C:\WINDOWS;C:\WINDOWS\System32\Wbem;C:\WINDOWS\System32\WindowsPowerShell\v1.0\;C:\Program Files (x86)\Intel\Intel(R) Management Engine Components\DAL;C:\Program Files\Intel\Intel(R) Management Engine Components\DAL;C:\Program Files (x86)\Intel\Intel(R) Management Engine Components\IPT;C:\Program Files\Intel\Intel(R) Management Engine Components\IPT;C:\Program Files\Git\cmd;C:\Program Files\nodejs\;C:\WINDOWS\System32\OpenSSH\;C:\gradle-4.9\bin;C:\xampp\php;C:\ProgramData\ComposerSetup\bin;C:\Users\user\AppData\Local\Microsoft\WindowsApps;C:\Users\user\AppData\Roaming\npm;C:\Program Files\nodejs\;C:\Users\user\AppData\Roaming\Composer\vendor\bin
9 verbose lifecycle my-app@0.1.0~test: CWD: D:\lessons_react\my-app
10 silly lifecycle my-app@0.1.0~test: Args: [ '/d /s /c', 'jest' ]
11 silly lifecycle my-app@0.1.0~test: Returned: code: 1  signal: null
12 info lifecycle my-app@0.1.0~test: Failed to exec test script
13 verbose stack Error: my-app@0.1.0 test: `jest`
13 verbose stack Exit status 1
13 verbose stack     at EventEmitter.<anonymous> (C:\Users\user\AppData\Roaming\npm\node_modules\npm\node_modules\npm-lifecycle\index.js:304:16)
13 verbose stack     at emitTwo (events.js:126:13)
13 verbose stack     at EventEmitter.emit (events.js:214:7)
13 verbose stack     at ChildProcess.<anonymous> (C:\Users\user\AppData\Roaming\npm\node_modules\npm\node_modules\npm-lifecycle\lib\spawn.js:55:14)
13 verbose stack     at emitTwo (events.js:126:13)
13 verbose stack     at ChildProcess.emit (events.js:214:7)
13 verbose stack     at maybeClose (internal/child_process.js:925:16)
13 verbose stack     at Process.ChildProcess._handle.onexit (internal/child_process.js:209:5)
14 verbose pkgid my-app@0.1.0
15 verbose cwd D:\lessons_react\my-app
16 verbose Windows_NT 10.0.17134
17 verbose argv "C:\\Program Files\\nodejs\\node.exe" "C:\\Users\\user\\AppData\\Roaming\\npm\\node_modules\\npm\\bin\\npm-cli.js" "run" "test" "--no-cache"
18 verbose node v8.11.1
19 verbose npm  v6.2.0
20 error code ELIFECYCLE
21 error errno 1
22 error my-app@0.1.0 test: `jest`
22 error Exit status 1
23 error Failed at the my-app@0.1.0 test script.
23 error This is probably not a problem with npm. There is likely additional logging output above.
24 verbose exit [ 1, true ]
